c:\users\lilmc\onedrive\documents\repos\csc5_spr2024\project2\project2\x64\debug\vc143.pdb
c:\users\lilmc\onedrive\documents\repos\csc5_spr2024\project2\project2\x64\debug\vc143.idb
c:\users\lilmc\onedrive\documents\repos\csc5_spr2024\project2\project2\x64\debug\main.obj
c:\users\lilmc\onedrive\documents\repos\csc5_spr2024\project2\project2\x64\debug\project2.ilk
c:\users\lilmc\onedrive\documents\repos\csc5_spr2024\project2\x64\debug\project2.pdb
c:\users\lilmc\onedrive\documents\repos\csc5_spr2024\project2\project2\x64\debug\project2.tlog\cl.command.1.tlog
c:\users\lilmc\onedrive\documents\repos\csc5_spr2024\project2\project2\x64\debug\project2.tlog\cl.items.tlog
c:\users\lilmc\onedrive\documents\repos\csc5_spr2024\project2\project2\x64\debug\project2.tlog\cl.read.1.tlog
c:\users\lilmc\onedrive\documents\repos\csc5_spr2024\project2\project2\x64\debug\project2.tlog\cl.write.1.tlog
c:\users\lilmc\onedrive\documents\repos\csc5_spr2024\project2\project2\x64\debug\project2.tlog\link-cvtres.read.1.tlog
c:\users\lilmc\onedrive\documents\repos\csc5_spr2024\project2\project2\x64\debug\project2.tlog\link-cvtres.write.1.tlog
c:\users\lilmc\onedrive\documents\repos\csc5_spr2024\project2\project2\x64\debug\project2.tlog\link-rc.read.1.tlog
c:\users\lilmc\onedrive\documents\repos\csc5_spr2024\project2\project2\x64\debug\project2.tlog\link-rc.write.1.tlog
c:\users\lilmc\onedrive\documents\repos\csc5_spr2024\project2\project2\x64\debug\project2.tlog\link.15720-cvtres.read.1.tlog
c:\users\lilmc\onedrive\documents\repos\csc5_spr2024\project2\project2\x64\debug\project2.tlog\link.15720-cvtres.write.1.tlog
c:\users\lilmc\onedrive\documents\repos\csc5_spr2024\project2\project2\x64\debug\project2.tlog\link.15720-rc.read.1.tlog
c:\users\lilmc\onedrive\documents\repos\csc5_spr2024\project2\project2\x64\debug\project2.tlog\link.15720-rc.write.1.tlog
c:\users\lilmc\onedrive\documents\repos\csc5_spr2024\project2\project2\x64\debug\project2.tlog\link.15720.read.1.tlog
c:\users\lilmc\onedrive\documents\repos\csc5_spr2024\project2\project2\x64\debug\project2.tlog\link.15720.read.2.tlog
c:\users\lilmc\onedrive\documents\repos\csc5_spr2024\project2\project2\x64\debug\project2.tlog\link.15720.write.1.tlog
c:\users\lilmc\onedrive\documents\repos\csc5_spr2024\project2\project2\x64\debug\project2.tlog\link.command.1.tlog
c:\users\lilmc\onedrive\documents\repos\csc5_spr2024\project2\project2\x64\debug\project2.tlog\link.read.1.tlog
c:\users\lilmc\onedrive\documents\repos\csc5_spr2024\project2\project2\x64\debug\project2.tlog\link.read.2.tlog
c:\users\lilmc\onedrive\documents\repos\csc5_spr2024\project2\project2\x64\debug\project2.tlog\link.secondary.1.tlog
c:\users\lilmc\onedrive\documents\repos\csc5_spr2024\project2\project2\x64\debug\project2.tlog\link.write.1.tlog
